#
# A fatal error has been detected by the Java Runtime Environment:
#
#  EXCEPTION_ACCESS_VIOLATION (0xc0000005) at pc=0x630f9b30, pid=4720, tid=5460
#
# JRE version: 7.0_25-b16
# Java VM: Java HotSpot(TM) Client VM (23.25-b01 mixed mode windows-x86 )
# Problematic frame:
# V  [jvm.dll+0xa9b30]
#
# Failed to write core dump. Minidumps are not enabled by default on client versions of Windows
#
# If you would like to submit a bug report, please visit:
#   http://bugreport.sun.com/bugreport/crash.jsp
#

---------------  T H R E A D  ---------------

Current thread (0x1c1f9c00):  JavaThread "Thread-2" [_thread_in_vm, id=5460, stack(0x1c0e0000,0x1c130000)]

siginfo: ExceptionCode=0xc0000005, reading address 0x00000000

Registers:
EAX=0x00000000, EBX=0x00000000, ECX=0x1c1f9c00, EDX=0x00000064
ESP=0x1c12f6fc, EBP=0x1c12f714, ESI=0x1c1f9c00, EDI=0x00000000
EIP=0x630f9b30, EFLAGS=0x00010246

Top of Stack: (sp=0x1c12f6fc)
0x1c12f6fc:   1c12f784 1c1f9d28 1c1f9c00 18805c74
0x1c12f70c:   00000064 632d3e18 1c12f754 18a12506
0x1c12f71c:   1c1f9c00 00000000 00000000 ffffb784
0x1c12f72c:   1bd646ac 00000000 1c1f9d28 1bcd0c10
0x1c12f73c:   00000000 00000800 0000b762 1bd646ac
0x1c12f74c:   ffffb784 1c1f9c00 0000b784 18a11ede
0x1c12f75c:   51c91844 000d148c 0000b784 0000b784
0x1c12f76c:   1bd5fe30 1c12f784 00000014 1bd64698 

Instructions: (pc=0x630f9b30)
0x630f9b10:   c4 08 83 7e 04 00 89 75 f0 c7 45 f4 00 00 00 00
0x630f9b20:   74 08 8d 4d f0 e8 c6 c1 0b 00 8b 7d 10 8b 45 0c
0x630f9b30:   8b 10 85 ff 78 73 8b 45 14 85 c0 78 6c 8d 0c 07
0x630f9b40:   3b 4a 08 77 64 85 c0 7e 1d 8b 4a 04 8b 49 0c 83 


Register to memory mapping:

EAX=0x00000000 is an unknown value
EBX=0x00000000 is an unknown value
ECX=0x1c1f9c00 is a thread
EDX=0x00000064 is an unknown value
ESP=0x1c12f6fc is pointing into the stack for thread: 0x1c1f9c00
EBP=0x1c12f714 is pointing into the stack for thread: 0x1c1f9c00
ESI=0x1c1f9c00 is a thread
EDI=0x00000000 is an unknown value


Stack: [0x1c0e0000,0x1c130000],  sp=0x1c12f6fc,  free space=317k
Native frames: (J=compiled Java code, j=interpreted, Vv=VM code, C=native code)
V  [jvm.dll+0xa9b30]
C  [Jpcap.dll+0x2506]  Java_jpcap_JpcapCaptor_getPacketReadTimeout+0x676

Java frames: (J=compiled Java code, j=interpreted, Vv=VM code)
j  jpcap.JpcapCaptor.loopPacket(ILjpcap/PacketReceiver;)I+0
j  PacketViewer.<init>(Ljpcap/NetworkInterface;)V+45
j  SniffingTool.run()V+157
j  java.lang.Thread.run()V+11
v  ~StubRoutines::call_stub

---------------  P R O C E S S  ---------------

Java Threads: ( => current thread )
  0x18827c00 JavaThread "TimerQueue" daemon [_thread_blocked, id=5988, stack(0x1d350000,0x1d3a0000)]
  0x1c219400 JavaThread "Thread-4" [_thread_blocked, id=5840, stack(0x1bce0000,0x1bd30000)]
=>0x1c1f9c00 JavaThread "Thread-2" [_thread_in_vm, id=5460, stack(0x1c0e0000,0x1c130000)]
  0x1c1f8800 JavaThread "D3D Screen Updater" daemon [_thread_blocked, id=3256, stack(0x1bed0000,0x1bf20000)]
  0x0093b800 JavaThread "DestroyJavaVM" [_thread_blocked, id=5616, stack(0x00af0000,0x00b40000)]
  0x18906000 JavaThread "AWT-EventQueue-0" [_thread_blocked, id=4004, stack(0x1c130000,0x1c180000)]
  0x188d3000 JavaThread "AWT-Windows" daemon [_thread_in_native, id=5528, stack(0x19620000,0x19670000)]
  0x188d2800 JavaThread "AWT-Shutdown" [_thread_blocked, id=5700, stack(0x19780000,0x197d0000)]
  0x188d2000 JavaThread "Java2D Disposer" daemon [_thread_blocked, id=5328, stack(0x19690000,0x196e0000)]
  0x18810c00 JavaThread "Service Thread" daemon [_thread_blocked, id=1684, stack(0x194c0000,0x19510000)]
  0x1880e400 JavaThread "C1 CompilerThread0" daemon [_thread_blocked, id=5860, stack(0x192e0000,0x19330000)]
  0x18800400 JavaThread "JDWP Command Reader" daemon [_thread_in_native, id=1544, stack(0x191a0000,0x191f0000)]
  0x187fb400 JavaThread "JDWP Event Helper Thread" daemon [_thread_blocked, id=1596, stack(0x18f20000,0x18f70000)]
  0x187f1c00 JavaThread "JDWP Transport Listener: dt_socket" daemon [_thread_blocked, id=5956, stack(0x18b60000,0x18bb0000)]
  0x187eb400 JavaThread "Attach Listener" daemon [_thread_blocked, id=3204, stack(0x18dc0000,0x18e10000)]
  0x187e7c00 JavaThread "Signal Dispatcher" daemon [_thread_blocked, id=3088, stack(0x18ca0000,0x18cf0000)]
  0x1876f800 JavaThread "Finalizer" daemon [_thread_blocked, id=5624, stack(0x18ad0000,0x18b20000)]
  0x1876a400 JavaThread "Reference Handler" daemon [_thread_blocked, id=2736, stack(0x18a40000,0x18a90000)]

Other Threads:
  0x18765400 VMThread [stack: 0x00890000,0x008e0000] [id=3468]
  0x1881cc00 WatcherThread [stack: 0x19560000,0x195b0000] [id=1912]

VM state:not at safepoint (normal execution)

VM Mutex/Monitor currently owned by a thread: None

Heap
 def new generation   total 4992K, used 1016K [0x04760000, 0x04cc0000, 0x09cb0000)
  eden space 4480K,  19% used [0x04760000, 0x04839538, 0x04bc0000)
  from space 512K,  28% used [0x04bc0000, 0x04be4cc8, 0x04c40000)
  to   space 512K,   0% used [0x04c40000, 0x04c40000, 0x04cc0000)
 tenured generation   total 10944K, used 5774K [0x09cb0000, 0x0a760000, 0x14760000)
   the space 10944K,  52% used [0x09cb0000, 0x0a253a18, 0x0a253c00, 0x0a760000)
 compacting perm gen  total 12288K, used 8103K [0x14760000, 0x15360000, 0x18760000)
   the space 12288K,  65% used [0x14760000, 0x14f49ed8, 0x14f4a000, 0x15360000)
No shared spaces configured.

Card table byte_map: [0x00b40000,0x00bf0000] byte_map_base: 0x00b1c500

Polling page: 0x00180000

Code Cache  [0x02760000, 0x029d0000, 0x04760000)
 total_blobs=1456 nmethods=1196 adapters=202 free_code_cache=30297Kb largest_free_block=31024384

Compilation events (10 events):
Event: 41.808 Thread 0x1880e400 1188   !         java.awt.font.FontRenderContext::<init> (182 bytes)
Event: 41.810 Thread 0x1880e400 nmethod 1188 0x029c56c8 code [0x029c5970, 0x029c6480]
Event: 41.811 Thread 0x1880e400 1189             org.jfree.chart.axis.CategoryAxis::refreshTicks (329 bytes)
Event: 41.812 Thread 0x1880e400 nmethod 1189 0x029c7148 code [0x029c73a0, 0x029c7afc]
Event: 41.812 Thread 0x1880e400 1190             org.jfree.text.TextLine::draw (89 bytes)
Event: 41.812 Thread 0x1880e400 nmethod 1190 0x029c8708 code [0x029c8860, 0x029c8a68]
Event: 41.812 Thread 0x1880e400 1191             org.jfree.text.TextLine::calculateBaselineOffset (52 bytes)
Event: 41.813 Thread 0x1880e400 nmethod 1191 0x029c8d48 code [0x029c8e90, 0x029c900c]
Event: 41.835 Thread 0x1880e400 1193             java.text.NumberFormat::format (19 bytes)
Event: 41.835 Thread 0x1880e400 nmethod 1193 0x029c9448 code [0x029c9570, 0x029c9908]

GC Heap History (10 events):
Event: 40.778 GC heap before
{Heap before GC invocations=122 (full 9):
 def new generation   total 4992K, used 4019K [0x04760000, 0x04cc0000, 0x09cb0000)
  eden space 4480K,  86% used [0x04760000, 0x04b28cf0, 0x04bc0000)
  from space 512K,  28% used [0x04c40000, 0x04c64240, 0x04cc0000)
  to   space 512K,   0% used [0x04bc0000, 0x04bc0000, 0x04c40000)
 tenured generation   total 10944K, used 9673K [0x09cb0000, 0x0a760000, 0x14760000)
   the space 10944K,  88% used [0x09cb0000, 0x0a6226f8, 0x0a622800, 0x0a760000)
 compacting perm gen  total 12288K, used 8102K [0x14760000, 0x15360000, 0x18760000)
   the space 12288K,  65% used [0x14760000, 0x14f49b08, 0x14f49c00, 0x15360000)
No shared spaces configured.
Event: 40.779 GC heap after
Heap after GC invocations=123 (full 9):
 def new generation   total 4992K, used 88K [0x04760000, 0x04cc0000, 0x09cb0000)
  eden space 4480K,   0% used [0x04760000, 0x04760000, 0x04bc0000)
  from space 512K,  17% used [0x04bc0000, 0x04bd6180, 0x04c40000)
  to   space 512K,   0% used [0x04c40000, 0x04c40000, 0x04cc0000)
 tenured generation   total 10944K, used 9673K [0x09cb0000, 0x0a760000, 0x14760000)
   the space 10944K,  88% used [0x09cb0000, 0x0a6226f8, 0x0a622800, 0x0a760000)
 compacting perm gen  total 12288K, used 8102K [0x14760000, 0x15360000, 0x18760000)
   the space 12288K,  65% used [0x14760000, 0x14f49b08, 0x14f49c00, 0x15360000)
No shared spaces configured.
}
Event: 40.821 GC heap before
{Heap before GC invocations=123 (full 9):
 def new generation   total 4992K, used 4564K [0x04760000, 0x04cc0000, 0x09cb0000)
  eden space 4480K,  99% used [0x04760000, 0x04bbef30, 0x04bc0000)
  from space 512K,  17% used [0x04bc0000, 0x04bd6180, 0x04c40000)
  to   space 512K,   0% used [0x04c40000, 0x04c40000, 0x04cc0000)
 tenured generation   total 10944K, used 9673K [0x09cb0000, 0x0a760000, 0x14760000)
   the space 10944K,  88% used [0x09cb0000, 0x0a6226f8, 0x0a622800, 0x0a760000)
 compacting perm gen  total 12288K, used 8102K [0x14760000, 0x15360000, 0x18760000)
   the space 12288K,  65% used [0x14760000, 0x14f49b08, 0x14f49c00, 0x15360000)
No shared spaces configured.
Event: 40.842 GC heap after
Heap after GC invocations=124 (full 10):
 def new generation   total 4992K, used 0K [0x04760000, 0x04cc0000, 0x09cb0000)
  eden space 4480K,   0% used [0x04760000, 0x04760000, 0x04bc0000)
  from space 512K,   0% used [0x04c40000, 0x04c40000, 0x04cc0000)
  to   space 512K,   0% used [0x04bc0000, 0x04bc0000, 0x04c40000)
 tenured generation   total 10944K, used 3821K [0x09cb0000, 0x0a760000, 0x14760000)
   the space 10944K,  34% used [0x09cb0000, 0x0a06b588, 0x0a06b600, 0x0a760000)
 compacting perm gen  total 12288K, used 8102K [0x14760000, 0x15360000, 0x18760000)
   the space 12288K,  65% used [0x14760000, 0x14f49b08, 0x14f49c00, 0x15360000)
No shared spaces configured.
}
Event: 41.630 GC heap before
{Heap before GC invocations=124 (full 10):
 def new generation   total 4992K, used 4480K [0x04760000, 0x04cc0000, 0x09cb0000)
  eden space 4480K, 100% used [0x04760000, 0x04bc0000, 0x04bc0000)
  from space 512K,   0% used [0x04c40000, 0x04c40000, 0x04cc0000)
  to   space 512K,   0% used [0x04bc0000, 0x04bc0000, 0x04c40000)
 tenured generation   total 10944K, used 3821K [0x09cb0000, 0x0a760000, 0x14760000)
   the space 10944K,  34% used [0x09cb0000, 0x0a06b588, 0x0a06b600, 0x0a760000)
 compacting perm gen  total 12288K, used 8102K [0x14760000, 0x15360000, 0x18760000)
   the space 12288K,  65% used [0x14760000, 0x14f49b08, 0x14f49c00, 0x15360000)
No shared spaces configured.
Event: 41.630 GC heap after
Heap after GC invocations=125 (full 10):
 def new generation   total 4992K, used 34K [0x04760000, 0x04cc0000, 0x09cb0000)
  eden space 4480K,   0% used [0x04760000, 0x04760000, 0x04bc0000)
  from space 512K,   6% used [0x04bc0000, 0x04bc8988, 0x04c40000)
  to   space 512K,   0% used [0x04c40000, 0x04c40000, 0x04cc0000)
 tenured generation   total 10944K, used 3821K [0x09cb0000, 0x0a760000, 0x14760000)
   the space 10944K,  34% used [0x09cb0000, 0x0a06b588, 0x0a06b600, 0x0a760000)
 compacting perm gen  total 12288K, used 8102K [0x14760000, 0x15360000, 0x18760000)
   the space 12288K,  65% used [0x14760000, 0x14f49b08, 0x14f49c00, 0x15360000)
No shared spaces configured.
}
Event: 42.060 GC heap before
{Heap before GC invocations=125 (full 10):
 def new generation   total 4992K, used 4509K [0x04760000, 0x04cc0000, 0x09cb0000)
  eden space 4480K,  99% used [0x04760000, 0x04bbeb40, 0x04bc0000)
  from space 512K,   6% used [0x04bc0000, 0x04bc8988, 0x04c40000)
  to   space 512K,   0% used [0x04c40000, 0x04c40000, 0x04cc0000)
 tenured generation   total 10944K, used 3821K [0x09cb0000, 0x0a760000, 0x14760000)
   the space 10944K,  34% used [0x09cb0000, 0x0a06b588, 0x0a06b600, 0x0a760000)
 compacting perm gen  total 12288K, used 8102K [0x14760000, 0x15360000, 0x18760000)
   the space 12288K,  65% used [0x14760000, 0x14f49b18, 0x14f49c00, 0x15360000)
No shared spaces configured.
Event: 42.062 GC heap after
Heap after GC invocations=126 (full 10):
 def new generation   total 4992K, used 135K [0x04760000, 0x04cc0000, 0x09cb0000)
  eden space 4480K,   0% used [0x04760000, 0x04760000, 0x04bc0000)
  from space 512K,  26% used [0x04c40000, 0x04c61e28, 0x04cc0000)
  to   space 512K,   0% used [0x04bc0000, 0x04bc0000, 0x04c40000)
 tenured generation   total 10944K, used 5774K [0x09cb0000, 0x0a760000, 0x14760000)
   the space 10944K,  52% used [0x09cb0000, 0x0a253a18, 0x0a253c00, 0x0a760000)
 compacting perm gen  total 12288K, used 8102K [0x14760000, 0x15360000, 0x18760000)
   the space 12288K,  65% used [0x14760000, 0x14f49b18, 0x14f49c00, 0x15360000)
No shared spaces configured.
}
Event: 42.383 GC heap before
{Heap before GC invocations=126 (full 10):
 def new generation   total 4992K, used 4615K [0x04760000, 0x04cc0000, 0x09cb0000)
  eden space 4480K, 100% used [0x04760000, 0x04bc0000, 0x04bc0000)
  from space 512K,  26% used [0x04c40000, 0x04c61e28, 0x04cc0000)
  to   space 512K,   0% used [0x04bc0000, 0x04bc0000, 0x04c40000)
 tenured generation   total 10944K, used 5774K [0x09cb0000, 0x0a760000, 0x14760000)
   the space 10944K,  52% used [0x09cb0000, 0x0a253a18, 0x0a253c00, 0x0a760000)
 compacting perm gen  total 12288K, used 8102K [0x14760000, 0x15360000, 0x18760000)
   the space 12288K,  65% used [0x14760000, 0x14f49b18, 0x14f49c00, 0x15360000)
No shared spaces configured.
Event: 42.385 GC heap after
Heap after GC invocations=127 (full 10):
 def new generation   total 4992K, used 147K [0x04760000, 0x04cc0000, 0x09cb0000)
  eden space 4480K,   0% used [0x04760000, 0x04760000, 0x04bc0000)
  from space 512K,  28% used [0x04bc0000, 0x04be4cc8, 0x04c40000)
  to   space 512K,   0% used [0x04c40000, 0x04c40000, 0x04cc0000)
 tenured generation   total 10944K, used 5774K [0x09cb0000, 0x0a760000, 0x14760000)
   the space 10944K,  52% used [0x09cb0000, 0x0a253a18, 0x0a253c00, 0x0a760000)
 compacting perm gen  total 12288K, used 8102K [0x14760000, 0x15360000, 0x18760000)
   the space 12288K,  65% used [0x14760000, 0x14f49b18, 0x14f49c00, 0x15360000)
No shared spaces configured.
}

Deoptimization events (0 events):
No events

Internal exceptions (10 events):
Event: 40.239 Thread 0x1c1f9c00 Threw 0x049a6968 at C:\jdk7u2_32P\jdk7u25\hotspot\src\share\vm\runtime\sharedRuntime.cpp:613
Event: 40.547 Thread 0x1c1f9c00 Threw 0x047c9730 at C:\jdk7u2_32P\jdk7u25\hotspot\src\share\vm\runtime\sharedRuntime.cpp:613
Event: 40.678 Thread 0x1c1f9c00 Threw 0x04954568 at C:\jdk7u2_32P\jdk7u25\hotspot\src\share\vm\runtime\sharedRuntime.cpp:613
Event: 40.791 Thread 0x1c1f9c00 Threw 0x04a33288 at C:\jdk7u2_32P\jdk7u25\hotspot\src\share\vm\runtime\sharedRuntime.cpp:613
Event: 40.820 Thread 0x1c1f9c00 Threw 0x04ba3f48 at C:\jdk7u2_32P\jdk7u25\hotspot\src\share\vm\runtime\sharedRuntime.cpp:613
Event: 40.879 Thread 0x1c1f9c00 Threw 0x04866628 at C:\jdk7u2_32P\jdk7u25\hotspot\src\share\vm\runtime\sharedRuntime.cpp:613
Event: 41.192 Thread 0x1c1f9c00 Threw 0x04945580 at C:\jdk7u2_32P\jdk7u25\hotspot\src\share\vm\runtime\sharedRuntime.cpp:613
Event: 41.851 Thread 0x1c1f9c00 Threw 0x048136b8 at C:\jdk7u2_32P\jdk7u25\hotspot\src\share\vm\runtime\sharedRuntime.cpp:613
Event: 42.351 Thread 0x1c1f9c00 Threw 0x04b1c8c8 at C:\jdk7u2_32P\jdk7u25\hotspot\src\share\vm\runtime\sharedRuntime.cpp:613
Event: 42.545 Thread 0x1c1f9c00 Threw 0x04835498 at C:\jdk7u2_32P\jdk7u25\hotspot\src\share\vm\oops\typeArrayKlass.cpp:100

Events (10 events):
Event: 42.060 Executing VM operation: GenCollectForAllocation
Event: 42.062 Executing VM operation: GenCollectForAllocation done
Event: 42.351 Thread 0x1c1f9c00 DEOPT PACKING pc=0x02906f90 sp=0x1c12f3a0
Event: 42.351 Thread 0x1c1f9c00 DEOPT UNPACKING pc=0x0278cdb9 sp=0x1c12f358 mode 1
Event: 42.351 Thread 0x1c1f9c00 DEOPT PACKING pc=0x029055c8 sp=0x1c12f4c0
Event: 42.351 Thread 0x1c1f9c00 DEOPT UNPACKING pc=0x0278cdb9 sp=0x1c12f390 mode 1
Event: 42.383 Executing VM operation: GenCollectForAllocation
Event: 42.385 Executing VM operation: GenCollectForAllocation done
Event: 42.543 loading class 0x0093f3e8
Event: 42.543 loading class 0x0093f3e8 done


Dynamic libraries:
0x00c00000 - 0x00c2f000 	C:\Program Files (x86)\Java\jre7\bin\javaw.exe
0x778b0000 - 0x77a30000 	C:\Windows\SysWOW64\ntdll.dll
0x76790000 - 0x768a0000 	C:\Windows\syswow64\kernel32.dll
0x768a0000 - 0x768e6000 	C:\Windows\syswow64\KERNELBASE.dll
0x75170000 - 0x75210000 	C:\Windows\syswow64\ADVAPI32.dll
0x75a90000 - 0x75b3c000 	C:\Windows\syswow64\msvcrt.dll
0x768f0000 - 0x76909000 	C:\Windows\SysWOW64\sechost.dll
0x75290000 - 0x75380000 	C:\Windows\syswow64\RPCRT4.dll
0x74f90000 - 0x74ff0000 	C:\Windows\syswow64\SspiCli.dll
0x74f80000 - 0x74f8c000 	C:\Windows\syswow64\CRYPTBASE.dll
0x75380000 - 0x75480000 	C:\Windows\syswow64\USER32.dll
0x76f30000 - 0x76fc0000 	C:\Windows\syswow64\GDI32.dll
0x755b0000 - 0x755ba000 	C:\Windows\syswow64\LPK.dll
0x75510000 - 0x755ad000 	C:\Windows\syswow64\USP10.dll
0x733b0000 - 0x7354e000 	C:\Windows\WinSxS\x86_microsoft.windows.common-controls_6595b64144ccf1df_6.0.7601.17514_none_41e6975e2bd6f2b2\COMCTL32.dll
0x76e50000 - 0x76ea7000 	C:\Windows\syswow64\SHLWAPI.dll
0x76910000 - 0x76970000 	C:\Windows\system32\IMM32.DLL
0x75950000 - 0x75a1c000 	C:\Windows\syswow64\MSCTF.dll
0x6e200000 - 0x6e2be000 	C:\Program Files (x86)\Java\jre7\bin\msvcr100.dll
0x63050000 - 0x63392000 	C:\Program Files (x86)\Java\jre7\bin\client\jvm.dll
0x70860000 - 0x70867000 	C:\Windows\system32\WSOCK32.dll
0x75220000 - 0x75255000 	C:\Windows\syswow64\WS2_32.dll
0x77880000 - 0x77886000 	C:\Windows\syswow64\NSI.dll
0x70a80000 - 0x70ab2000 	C:\Windows\system32\WINMM.dll
0x75a80000 - 0x75a85000 	C:\Windows\syswow64\PSAPI.DLL
0x74da0000 - 0x74dac000 	C:\Program Files (x86)\Java\jre7\bin\verify.dll
0x74d80000 - 0x74da0000 	C:\Program Files (x86)\Java\jre7\bin\java.dll
0x74d50000 - 0x74d7a000 	C:\Program Files (x86)\Java\jre7\bin\jdwp.dll
0x74d40000 - 0x74d47000 	C:\Program Files (x86)\Java\jre7\bin\npt.dll
0x74d20000 - 0x74d33000 	C:\Program Files (x86)\Java\jre7\bin\zip.dll
0x74d10000 - 0x74d18000 	C:\Program Files (x86)\Java\jre7\bin\dt_socket.dll
0x6e5e0000 - 0x6e5f0000 	C:\Windows\system32\NLAapi.dll
0x6e5d0000 - 0x6e5e0000 	C:\Windows\system32\napinsp.dll
0x6e5b0000 - 0x6e5c2000 	C:\Windows\system32\pnrpnsp.dll
0x715f0000 - 0x7162c000 	C:\Windows\System32\mswsock.dll
0x71010000 - 0x71054000 	C:\Windows\system32\DNSAPI.dll
0x6e5a0000 - 0x6e5a8000 	C:\Windows\System32\winrnr.dll
0x70a70000 - 0x70a7d000 	C:\Windows\system32\wshbth.dll
0x71070000 - 0x7108c000 	C:\Windows\system32\IPHLPAPI.DLL
0x71060000 - 0x71067000 	C:\Windows\system32\WINNSI.DLL
0x6e550000 - 0x6e588000 	C:\Windows\System32\fwpuclnt.dll
0x6e590000 - 0x6e596000 	C:\Windows\system32\rasadhlp.dll
0x70f90000 - 0x70f95000 	C:\Windows\System32\wshtcpip.dll
0x6df60000 - 0x6e0a4000 	C:\Program Files (x86)\Java\jre7\bin\awt.dll
0x75480000 - 0x7550f000 	C:\Windows\syswow64\OLEAUT32.dll
0x74ff0000 - 0x7514c000 	C:\Windows\syswow64\ole32.dll
0x6d070000 - 0x6d083000 	C:\Windows\system32\DWMAPI.DLL
0x6e8f0000 - 0x6e970000 	C:\Windows\system32\uxtheme.dll
0x714f0000 - 0x7153c000 	C:\Windows\system32\apphelp.dll
0x6cf70000 - 0x6cfd9000 	C:\Windows\system32\IMKR12.IME
0x75b40000 - 0x7678a000 	C:\Windows\syswow64\SHELL32.dll
0x72ca0000 - 0x72d3b000 	C:\Windows\WinSxS\x86_microsoft.vc80.crt_1fc8b3b9a1e18e3b_8.0.50727.4940_none_d08cc06a442b34fc\MSVCR80.dll
0x71650000 - 0x716d7000 	C:\Windows\WinSxS\x86_microsoft.vc80.crt_1fc8b3b9a1e18e3b_8.0.50727.4940_none_d08cc06a442b34fc\MSVCP80.dll
0x6ba40000 - 0x6bc03000 	C:\Windows\system32\d3d9.dll
0x6e0d0000 - 0x6e0d9000 	C:\Windows\system32\VERSION.dll
0x74710000 - 0x74716000 	C:\Windows\system32\d3d8thk.dll
0x75260000 - 0x7528d000 	C:\Windows\syswow64\WINTRUST.dll
0x76af0000 - 0x76c0d000 	C:\Windows\syswow64\CRYPT32.dll
0x75a70000 - 0x75a7c000 	C:\Windows\syswow64\MSASN1.dll
0x19a40000 - 0x19ad2000 	C:\Windows\system32\igdumdx32.dll
0x19bd0000 - 0x1a1e1000 	C:\Windows\system32\igdumd32.dll
0x74800000 - 0x74825000 	C:\Windows\system32\PowrProf.dll
0x757b0000 - 0x7594d000 	C:\Windows\syswow64\SETUPAPI.dll
0x755c0000 - 0x755e7000 	C:\Windows\syswow64\CFGMGR32.dll
0x75150000 - 0x75162000 	C:\Windows\syswow64\DEVOBJ.dll
0x18a10000 - 0x18a38000 	C:\Windows\System32\Jpcap.dll
0x18cf0000 - 0x18d3c000 	C:\Windows\system32\wpcap.dll
0x189b0000 - 0x189c8000 	C:\Windows\system32\packet.dll
0x70fb0000 - 0x70fc2000 	C:\Windows\system32\dhcpcsvc.DLL
0x70fa0000 - 0x70fad000 	C:\Windows\system32\dhcpcsvc6.DLL
0x74cf0000 - 0x74d04000 	C:\Program Files (x86)\Java\jre7\bin\net.dll
0x6e8c0000 - 0x6e8c6000 	C:\Windows\System32\wship6.dll
0x74cb0000 - 0x74ce1000 	C:\Program Files (x86)\Java\jre7\bin\fontmanager.dll
0x6e180000 - 0x6e1f6000 	C:\Windows\system32\RICHED20.DLL
0x76d30000 - 0x76db3000 	C:\Windows\syswow64\CLBCatQ.DLL
0x6c870000 - 0x6c90a000 	C:\PROGRA~2\COMMON~1\MICROS~1\IME12\IMEKR\IMKRTIP.DLL
0x6c7c0000 - 0x6c865000 	C:\PROGRA~2\COMMON~1\MICROS~1\IME12\SHARED\IMETIP.DLL
0x6d020000 - 0x6d042000 	C:\PROGRA~2\COMMON~1\MICROS~1\IME12\IMEKR\IMKRAPI.DLL
0x6cff0000 - 0x6d01c000 	C:\PROGRA~2\COMMON~1\MICROS~1\IME12\SHARED\IMJKAPI.DLL
0x74ca0000 - 0x74caf000 	C:\Program Files (x86)\Java\jre7\bin\nio.dll
0x74c70000 - 0x74ca0000 	C:\Program Files (x86)\Java\jre7\bin\t2k.dll
0x74c40000 - 0x74c64000 	C:\Program Files (x86)\Java\jre7\bin\dcpr.dll
0x6d300000 - 0x6d3eb000 	C:\Windows\system32\dbghelp.dll

VM Arguments:
jvm_args: -agentlib:jdwp=transport=dt_socket,suspend=y,address=localhost:1257 -Dfile.encoding=MS949 
java_command: SniffingTool
Launcher Type: SUN_STANDARD

Environment Variables:
CLASSPATH=.;
PATH=C:\Windows\system32;C:\Windows;C:\Windows\System32\Wbem;C:\Windows\System32\WindowsPowerShell\v1.0\;C:\Program Files\Intel\WiFi\bin\;C:\Program Files\Common Files\Intel\WirelessCommon\;c:\Program Files (x86)\Microsoft SQL Server\90\Tools\binn\;C:\Program Files\Intel\WiFi\bin\;C:\Program Files\Common Files\Intel\WirelessCommon\;C:\Program Files\Java\jdk1.7.0_21\bin
USERNAME=DELL
OS=Windows_NT
PROCESSOR_IDENTIFIER=Intel64 Family 6 Model 42 Stepping 7, GenuineIntel



---------------  S Y S T E M  ---------------

OS: Windows 7 , 64 bit Build 7601 Service Pack 1

CPU:total 4 (2 cores per cpu, 2 threads per core) family 6 model 42 stepping 7, cmov, cx8, fxsr, mmx, sse, sse2, sse3, ssse3, sse4.1, sse4.2, popcnt, avx, ht, tsc, tscinvbit

Memory: 4k page, physical 8292484k(5889532k free), swap 16583120k(13893616k free)

vm_info: Java HotSpot(TM) Client VM (23.25-b01) for windows-x86 JRE (1.7.0_25-b16), built on Jun 12 2013 20:29:09 by "java_re" with unknown MS VC++:1600

time: Tue Jun 25 13:10:44 2013
elapsed time: 42 seconds

