#
# A fatal error has been detected by the Java Runtime Environment:
#
#  EXCEPTION_ACCESS_VIOLATION (0xc0000005) at pc=0x648157a7, pid=2464, tid=6148
#
# JRE version: 7.0_25-b16
# Java VM: Java HotSpot(TM) Client VM (23.25-b01 mixed mode windows-x86 )
# Problematic frame:
# V  [jvm.dll+0xa57a7]
#
# Failed to write core dump. Minidumps are not enabled by default on client versions of Windows
#
# If you would like to submit a bug report, please visit:
#   http://bugreport.sun.com/bugreport/crash.jsp
#

---------------  T H R E A D  ---------------

Current thread (0x1be1dc00):  JavaThread "Thread-12" [_thread_in_vm, id=6148, stack(0x1d090000,0x1d0e0000)]

siginfo: ExceptionCode=0xc0000005, reading address 0x00000008

Registers:
EAX=0x00000000, EBX=0x1b9d1570, ECX=0x1d0df058, EDX=0x186a63fc
ESP=0x1d0df054, EBP=0x1d0df05c, ESI=0x1be1dc00, EDI=0x00000000
EIP=0x648157a7, EFLAGS=0x00010246

Top of Stack: (sp=0x1d0df054)
0x1d0df054:   1be1dd28 00000000 1d0df0ac 6481b773
0x1d0df064:   1bdeba78 1be1dd28 1b9d1570 1be13e18
0x1d0df074:   1d0df064 1d0df088 1d0df6ec 649d55ee
0x1d0df084:   448d9b9b fffffffe 1d0df0b4 64812c1f
0x1d0df094:   1be1dc00 1bdeba78 1be1dc00 00000000
0x1d0df0a4:   1be1dc00 00000000 64a4fd40 0053163a
0x1d0df0b4:   1be1dc00 186a70f0 186a63fc 1bdeba84
0x1d0df0c4:   1bdeba80 00000000 1bdeba78 1bdeba7c 

Instructions: (pc=0x648157a7)
0x64815787:   50 e8 93 92 f7 ff 83 c4 04 50 56 8d 4d fc e8 26
0x64815797:   ed f5 ff 8b 7d fc 85 ff 75 04 33 c0 eb 02 8b 07
0x648157a7:   8b 50 08 8d 48 08 8b 42 20 56 6a 00 ff d0 83 7e
0x648157b7:   04 00 74 07 33 c0 5f 8b e5 5d c3 85 ff 75 04 33 


Register to memory mapping:

EAX=0x00000000 is an unknown value
EBX=0x1b9d1570 is an unknown value
ECX=0x1d0df058 is pointing into the stack for thread: 0x1be1dc00
EDX=0x186a63fc is a weak global jni handle
ESP=0x1d0df054 is pointing into the stack for thread: 0x1be1dc00
EBP=0x1d0df05c is pointing into the stack for thread: 0x1be1dc00
ESI=0x1be1dc00 is a thread
EDI=0x00000000 is an unknown value


Stack: [0x1d090000,0x1d0e0000],  sp=0x1d0df054,  free space=316k
Native frames: (J=compiled Java code, j=interpreted, Vv=VM code, C=native code)
V  [jvm.dll+0xa57a7]
V  [jvm.dll+0xab773]

Java frames: (J=compiled Java code, j=interpreted, Vv=VM code)
j  jpcap.JpcapCaptor.getDeviceList()[Ljpcap/NetworkInterface;+0
j  SniffingTool.run()V+0
j  java.lang.Thread.run()V+11
v  ~StubRoutines::call_stub

---------------  P R O C E S S  ---------------

Java Threads: ( => current thread )
  0x1be1e400 JavaThread "Thread-14" [_thread_blocked, id=2120, stack(0x1d000000,0x1d050000)]
=>0x1be1dc00 JavaThread "Thread-12" [_thread_in_vm, id=6148, stack(0x1d090000,0x1d0e0000)]
  0x1be1d800 JavaThread "Thread-11" [_thread_blocked, id=5868, stack(0x1d540000,0x1d590000)]
  0x18781800 JavaThread "Thread-9" [_thread_in_native, id=1828, stack(0x1d4a0000,0x1d4f0000)]
  0x1be21800 JavaThread "Thread-8" [_thread_blocked, id=7140, stack(0x195a0000,0x195f0000)]
  0x1be18800 JavaThread "Thread-6" [_thread_in_native, id=3392, stack(0x1d140000,0x1d190000)]
  0x1be18000 JavaThread "Thread-5" [_thread_in_native, id=5204, stack(0x1cfa0000,0x1cff0000)]
  0x1be16c00 JavaThread "Thread-4" [_thread_blocked, id=6628, stack(0x1ce30000,0x1ce80000)]
  0x1be13800 JavaThread "Thread-2" [_thread_in_native, id=6708, stack(0x1ceb0000,0x1cf00000)]
  0x1be12400 JavaThread "D3D Screen Updater" daemon [_thread_blocked, id=6552, stack(0x1cc90000,0x1cce0000)]
  0x025ab400 JavaThread "DestroyJavaVM" [_thread_blocked, id=6416, stack(0x00430000,0x00480000)]
  0x18755400 JavaThread "AWT-EventQueue-0" [_thread_blocked, id=3436, stack(0x1bd60000,0x1bdb0000)]
  0x1871e000 JavaThread "AWT-Windows" daemon [_thread_in_native, id=6976, stack(0x194e0000,0x19530000)]
  0x1871d400 JavaThread "AWT-Shutdown" [_thread_blocked, id=3716, stack(0x19610000,0x19660000)]
  0x1871c800 JavaThread "Java2D Disposer" daemon [_thread_blocked, id=5076, stack(0x19540000,0x19590000)]
  0x1865b800 JavaThread "Service Thread" daemon [_thread_blocked, id=7120, stack(0x19320000,0x19370000)]
  0x18658c00 JavaThread "C1 CompilerThread0" daemon [_thread_blocked, id=7088, stack(0x192a0000,0x192f0000)]
  0x1864a800 JavaThread "JDWP Command Reader" daemon [_thread_in_native, id=6996, stack(0x191f0000,0x19240000)]
  0x18649400 JavaThread "JDWP Event Helper Thread" daemon [_thread_blocked, id=6900, stack(0x190f0000,0x19140000)]
  0x18646c00 JavaThread "JDWP Transport Listener: dt_socket" daemon [_thread_blocked, id=4112, stack(0x18f90000,0x18fe0000)]
  0x1863ac00 JavaThread "Attach Listener" daemon [_thread_blocked, id=4092, stack(0x18d40000,0x18d90000)]
  0x18637800 JavaThread "Signal Dispatcher" daemon [_thread_blocked, id=6188, stack(0x18ca0000,0x18cf0000)]
  0x185bf400 JavaThread "Finalizer" daemon [_thread_blocked, id=5480, stack(0x18c10000,0x18c60000)]
  0x185b9c00 JavaThread "Reference Handler" daemon [_thread_blocked, id=6516, stack(0x18aa0000,0x18af0000)]

Other Threads:
  0x185b5000 VMThread [stack: 0x18a10000,0x18a60000] [id=2640]
  0x18666800 WatcherThread [stack: 0x18ff0000,0x19040000] [id=3692]

VM state:not at safepoint (normal execution)

VM Mutex/Monitor currently owned by a thread: None

Heap
 def new generation   total 4928K, used 2704K [0x045b0000, 0x04b00000, 0x09b00000)
  eden space 4416K,  61% used [0x045b0000, 0x048543e0, 0x04a00000)
  from space 512K,   0% used [0x04a00000, 0x04a00000, 0x04a80000)
  to   space 512K,   0% used [0x04a80000, 0x04a80000, 0x04b00000)
 tenured generation   total 10944K, used 0K [0x09b00000, 0x0a5b0000, 0x145b0000)
   the space 10944K,   0% used [0x09b00000, 0x09b00000, 0x09b00200, 0x0a5b0000)
 compacting perm gen  total 12288K, used 4562K [0x145b0000, 0x151b0000, 0x185b0000)
   the space 12288K,  37% used [0x145b0000, 0x14a24a30, 0x14a24c00, 0x151b0000)
No shared spaces configured.

Card table byte_map: [0x00480000,0x00530000] byte_map_base: 0x0045d280

Polling page: 0x00130000

Code Cache  [0x025b0000, 0x02668000, 0x045b0000)
 total_blobs=247 nmethods=50 adapters=140 free_code_cache=32050Kb largest_free_block=32820096

Compilation events (10 events):
Event: 3.436 Thread 0x18658c00   46             java.lang.String::startsWith (72 bytes)
Event: 3.436 Thread 0x18658c00 nmethod 46 0x02661fc8 code [0x026620d0, 0x02662220]
Event: 3.437 Thread 0x18658c00   47             java.lang.String::replace (127 bytes)
Event: 3.437 Thread 0x18658c00 nmethod 47 0x02662408 code [0x02662520, 0x026627a0]
Event: 4.156 Thread 0x18658c00   48             java.util.concurrent.locks.AbstractQueuedSynchronizer::getState (5 bytes)
Event: 4.156 Thread 0x18658c00 nmethod 48 0x02662f48 code [0x02663040, 0x026630c0]
Event: 5.262 Thread 0x18658c00   49             java.util.concurrent.locks.AbstractOwnableSynchronizer::getExclusiveOwnerThread (5 bytes)
Event: 5.262 Thread 0x18658c00 nmethod 49 0x02663108 code [0x02663200, 0x02663280]
Event: 7.383 Thread 0x18658c00   50             java.util.concurrent.locks.AbstractQueuedSynchronizer::setState (6 bytes)
Event: 7.384 Thread 0x18658c00 nmethod 50 0x026632c8 code [0x026633c0, 0x02663440]

GC Heap History (0 events):
No events

Deoptimization events (0 events):
No events

Internal exceptions (10 events):
Event: 0.688 Thread 0x025ab400 Threw 0x046c9430 at C:\jdk7u2_32P\jdk7u25\hotspot\src\share\vm\prims\jvm.cpp:1235
Event: 0.714 Thread 0x025ab400 Threw 0x047035d8 at C:\jdk7u2_32P\jdk7u25\hotspot\src\share\vm\prims\jni.cpp:716
Event: 0.714 Thread 0x025ab400 Threw 0x04703a70 at C:\jdk7u2_32P\jdk7u25\hotspot\src\share\vm\interpreter\linkResolver.cpp:805
Event: 0.726 Thread 0x025ab400 Threw 0x04724dc0 at C:\jdk7u2_32P\jdk7u25\hotspot\src\share\vm\prims\jvm.cpp:1235
Event: 0.726 Thread 0x025ab400 Threw 0x04726b78 at C:\jdk7u2_32P\jdk7u25\hotspot\src\share\vm\prims\jvm.cpp:1235
Event: 0.737 Thread 0x025ab400 Threw 0x0473c140 at C:\jdk7u2_32P\jdk7u25\hotspot\src\share\vm\prims\jvm.cpp:1235
Event: 0.737 Thread 0x025ab400 Threw 0x0473c258 at C:\jdk7u2_32P\jdk7u25\hotspot\src\share\vm\prims\jvm.cpp:1235
Event: 0.738 Thread 0x025ab400 Threw 0x0473fbc0 at C:\jdk7u2_32P\jdk7u25\hotspot\src\share\vm\prims\jvm.cpp:1235
Event: 0.738 Thread 0x025ab400 Threw 0x0473fcd8 at C:\jdk7u2_32P\jdk7u25\hotspot\src\share\vm\prims\jvm.cpp:1235
Event: 3.435 Thread 0x1be13800 Threw 0x047b95b8 at C:\jdk7u2_32P\jdk7u25\hotspot\src\share\vm\prims\jvm.cpp:1235

Events (10 events):
Event: 3.455 Thread 0x1be16c00 Thread added: 0x1be16c00
Event: 4.208 Executing VM operation: EnableBiasedLocking
Event: 4.208 Executing VM operation: EnableBiasedLocking done
Event: 4.578 Thread 0x1be18000 Thread added: 0x1be18000
Event: 5.262 Thread 0x1be18800 Thread added: 0x1be18800
Event: 5.776 Thread 0x1be21800 Thread added: 0x1be21800
Event: 5.968 Thread 0x18781800 Thread added: 0x18781800
Event: 6.479 Thread 0x1be1d800 Thread added: 0x1be1d800
Event: 6.674 Thread 0x1be1dc00 Thread added: 0x1be1dc00
Event: 7.190 Thread 0x1be1e400 Thread added: 0x1be1e400


Dynamic libraries:
0x00cb0000 - 0x00cdf000 	C:\Program Files (x86)\Java\jre7\bin\javaw.exe
0x77d40000 - 0x77ec0000 	C:\Windows\SysWOW64\ntdll.dll
0x76990000 - 0x76aa0000 	C:\Windows\syswow64\kernel32.dll
0x75af0000 - 0x75b36000 	C:\Windows\syswow64\KERNELBASE.dll
0x76790000 - 0x76830000 	C:\Windows\syswow64\ADVAPI32.dll
0x75480000 - 0x7552c000 	C:\Windows\syswow64\msvcrt.dll
0x76850000 - 0x76869000 	C:\Windows\SysWOW64\sechost.dll
0x76f10000 - 0x77000000 	C:\Windows\syswow64\RPCRT4.dll
0x75420000 - 0x75480000 	C:\Windows\syswow64\SspiCli.dll
0x75410000 - 0x7541c000 	C:\Windows\syswow64\CRYPTBASE.dll
0x76b30000 - 0x76c30000 	C:\Windows\syswow64\USER32.dll
0x76de0000 - 0x76e70000 	C:\Windows\syswow64\GDI32.dll
0x76dd0000 - 0x76dda000 	C:\Windows\syswow64\LPK.dll
0x76e70000 - 0x76f0d000 	C:\Windows\syswow64\USP10.dll
0x73840000 - 0x739de000 	C:\Windows\WinSxS\x86_microsoft.windows.common-controls_6595b64144ccf1df_6.0.7601.17514_none_41e6975e2bd6f2b2\COMCTL32.dll
0x77140000 - 0x77197000 	C:\Windows\syswow64\SHLWAPI.dll
0x772c0000 - 0x77320000 	C:\Windows\system32\IMM32.DLL
0x757a0000 - 0x7586c000 	C:\Windows\syswow64\MSCTF.dll
0x74130000 - 0x741ee000 	C:\Program Files (x86)\Java\jre7\bin\msvcr100.dll
0x64770000 - 0x64ab2000 	C:\Program Files (x86)\Java\jre7\bin\client\jvm.dll
0x70cf0000 - 0x70cf7000 	C:\Windows\system32\WSOCK32.dll
0x770a0000 - 0x770d5000 	C:\Windows\syswow64\WS2_32.dll
0x77090000 - 0x77096000 	C:\Windows\syswow64\NSI.dll
0x70f10000 - 0x70f42000 	C:\Windows\system32\WINMM.dll
0x75620000 - 0x75625000 	C:\Windows\syswow64\PSAPI.DLL
0x74a20000 - 0x74a2c000 	C:\Program Files (x86)\Java\jre7\bin\verify.dll
0x74290000 - 0x742b0000 	C:\Program Files (x86)\Java\jre7\bin\java.dll
0x74260000 - 0x7428a000 	C:\Program Files (x86)\Java\jre7\bin\jdwp.dll
0x74ab0000 - 0x74ab7000 	C:\Program Files (x86)\Java\jre7\bin\npt.dll
0x74240000 - 0x74253000 	C:\Program Files (x86)\Java\jre7\bin\zip.dll
0x74230000 - 0x74238000 	C:\Program Files (x86)\Java\jre7\bin\dt_socket.dll
0x6ea70000 - 0x6ea80000 	C:\Windows\system32\NLAapi.dll
0x6ea60000 - 0x6ea70000 	C:\Windows\system32\napinsp.dll
0x6ea40000 - 0x6ea52000 	C:\Windows\system32\pnrpnsp.dll
0x71a80000 - 0x71abc000 	C:\Windows\System32\mswsock.dll
0x714a0000 - 0x714e4000 	C:\Windows\system32\DNSAPI.dll
0x6ea30000 - 0x6ea38000 	C:\Windows\System32\winrnr.dll
0x70f00000 - 0x70f0d000 	C:\Windows\system32\wshbth.dll
0x71500000 - 0x7151c000 	C:\Windows\system32\IPHLPAPI.DLL
0x714f0000 - 0x714f7000 	C:\Windows\system32\WINNSI.DLL
0x6e9e0000 - 0x6ea18000 	C:\Windows\System32\fwpuclnt.dll
0x6ea20000 - 0x6ea26000 	C:\Windows\system32\rasadhlp.dll
0x71420000 - 0x71425000 	C:\Windows\System32\wshtcpip.dll
0x663b0000 - 0x664f4000 	C:\Program Files (x86)\Java\jre7\bin\awt.dll
0x76aa0000 - 0x76b2f000 	C:\Windows\syswow64\OLEAUT32.dll
0x77320000 - 0x7747c000 	C:\Windows\syswow64\ole32.dll
0x6d500000 - 0x6d513000 	C:\Windows\system32\DWMAPI.DLL
0x6ed80000 - 0x6ee00000 	C:\Windows\system32\uxtheme.dll
0x71980000 - 0x719cc000 	C:\Windows\system32\apphelp.dll
0x6d400000 - 0x6d469000 	C:\Windows\system32\IMKR12.IME
0x75b40000 - 0x7678a000 	C:\Windows\syswow64\SHELL32.dll
0x73130000 - 0x731cb000 	C:\Windows\WinSxS\x86_microsoft.vc80.crt_1fc8b3b9a1e18e3b_8.0.50727.4940_none_d08cc06a442b34fc\MSVCR80.dll
0x71ad0000 - 0x71b57000 	C:\Windows\WinSxS\x86_microsoft.vc80.crt_1fc8b3b9a1e18e3b_8.0.50727.4940_none_d08cc06a442b34fc\MSVCP80.dll
0x6ab10000 - 0x6acd3000 	C:\Windows\system32\d3d9.dll
0x6e560000 - 0x6e569000 	C:\Windows\system32\VERSION.dll
0x74b20000 - 0x74b26000 	C:\Windows\system32\d3d8thk.dll
0x75900000 - 0x7592d000 	C:\Windows\syswow64\WINTRUST.dll
0x75680000 - 0x7579d000 	C:\Windows\syswow64\CRYPT32.dll
0x75610000 - 0x7561c000 	C:\Windows\syswow64\MSASN1.dll
0x19660000 - 0x196f2000 	C:\Windows\system32\igdumdx32.dll
0x19a00000 - 0x1a011000 	C:\Windows\system32\igdumd32.dll
0x74eb0000 - 0x74ed5000 	C:\Windows\system32\PowrProf.dll
0x76c30000 - 0x76dcd000 	C:\Windows\syswow64\SETUPAPI.dll
0x77110000 - 0x77137000 	C:\Windows\syswow64\CFGMGR32.dll
0x76830000 - 0x76842000 	C:\Windows\syswow64\DEVOBJ.dll
0x00530000 - 0x00558000 	C:\Windows\System32\Jpcap.dll
0x193d0000 - 0x1941c000 	C:\Windows\system32\wpcap.dll
0x02540000 - 0x02558000 	C:\Windows\system32\packet.dll
0x71430000 - 0x71442000 	C:\Windows\system32\dhcpcsvc.DLL
0x71450000 - 0x7145d000 	C:\Windows\system32\dhcpcsvc6.DLL
0x74210000 - 0x74224000 	C:\Program Files (x86)\Java\jre7\bin\net.dll
0x6ed50000 - 0x6ed56000 	C:\Windows\System32\wship6.dll
0x740f0000 - 0x74121000 	C:\Program Files (x86)\Java\jre7\bin\fontmanager.dll
0x6e720000 - 0x6e796000 	C:\Windows\system32\RICHED20.DLL
0x77000000 - 0x77083000 	C:\Windows\syswow64\CLBCatQ.DLL
0x6bb60000 - 0x6bbfa000 	C:\PROGRA~2\COMMON~1\MICROS~1\IME12\IMEKR\IMKRTIP.DLL
0x6b440000 - 0x6b4e5000 	C:\PROGRA~2\COMMON~1\MICROS~1\IME12\SHARED\IMETIP.DLL
0x73d20000 - 0x73d42000 	C:\PROGRA~2\COMMON~1\MICROS~1\IME12\IMEKR\IMKRAPI.DLL
0x6e7e0000 - 0x6e80c000 	C:\PROGRA~2\COMMON~1\MICROS~1\IME12\SHARED\IMJKAPI.DLL
0x6d790000 - 0x6d87b000 	C:\Windows\system32\dbghelp.dll

VM Arguments:
jvm_args: -agentlib:jdwp=transport=dt_socket,suspend=y,address=localhost:2411 -Dfile.encoding=MS949 
java_command: SniffingTool
Launcher Type: SUN_STANDARD

Environment Variables:
CLASSPATH=.;
PATH=C:\Windows\system32;C:\Windows;C:\Windows\System32\Wbem;C:\Windows\System32\WindowsPowerShell\v1.0\;C:\Program Files\Intel\WiFi\bin\;C:\Program Files\Common Files\Intel\WirelessCommon\;c:\Program Files (x86)\Microsoft SQL Server\90\Tools\binn\;C:\Program Files\Intel\WiFi\bin\;C:\Program Files\Common Files\Intel\WirelessCommon\;C:\Program Files\Java\jdk1.7.0_21\bin
USERNAME=DELL
OS=Windows_NT
PROCESSOR_IDENTIFIER=Intel64 Family 6 Model 42 Stepping 7, GenuineIntel



---------------  S Y S T E M  ---------------

OS: Windows 7 , 64 bit Build 7601 Service Pack 1

CPU:total 4 (2 cores per cpu, 2 threads per core) family 6 model 42 stepping 7, cmov, cx8, fxsr, mmx, sse, sse2, sse3, ssse3, sse4.1, sse4.2, popcnt, avx, ht, tsc, tscinvbit

Memory: 4k page, physical 8292484k(5801692k free), swap 16583120k(13815304k free)

vm_info: Java HotSpot(TM) Client VM (23.25-b01) for windows-x86 JRE (1.7.0_25-b16), built on Jun 12 2013 20:29:09 by "java_re" with unknown MS VC++:1600

time: Mon Jun 24 15:33:20 2013
elapsed time: 7 seconds

